<?xml version="1.0" encoding="UTF-8"?>
<testng-results skipped="0" failed="0" ignored="0" total="1" passed="1">
  <reporter-output>
  </reporter-output>
  <suite name="Suite1" duration-ms="28772" started-at="2018-09-07T14:11:52Z" finished-at="2018-09-07T14:12:21Z">
    <groups>
    </groups>
    <test name="TestApps" duration-ms="28772" started-at="2018-09-07T14:11:52Z" finished-at="2018-09-07T14:12:21Z">
      <class name="androidTest.TestApp">
        <test-method status="PASS" signature="Test()[pri:0, instance:androidTest.TestApp@6eebc39e]" name="Test" duration-ms="24981" started-at="2018-09-07T14:11:52Z" finished-at="2018-09-07T14:12:17Z">
          <reporter-output>
          </reporter-output>
        </test-method> <!-- Test -->
        <test-method status="PASS" signature="TearDown()[pri:0, instance:androidTest.TestApp@6eebc39e]" name="TearDown" is-config="true" duration-ms="3764" started-at="2018-09-07T14:12:17Z" finished-at="2018-09-07T14:12:21Z">
          <reporter-output>
          </reporter-output>
        </test-method> <!-- TearDown -->
      </class> <!-- androidTest.TestApp -->
    </test> <!-- TestApps -->
  </suite> <!-- Suite1 -->
</testng-results>
